<?xml version="1.0" encoding="UTF-8"?>
<!-- Generated by org.testng.reporters.JUnitXMLReporter -->
<testsuite hostname="DESKTOP-QG903OF" ignored="0" name="Free CRM App Test Cases" tests="3" failures="0" timestamp="30 Dec 2017 23:42:06 GMT" time="52.053" errors="0">
  <testcase name="LoginPageTitleTest" time="0.12" classname="com.crm.qa.testCases.LoginPageTest"/>
  <testcase name="crmLogoImageTest" time="0.109" classname="com.crm.qa.testCases.LoginPageTest"/>
  <testcase name="loginTest" time="11.246" classname="com.crm.qa.testCases.LoginPageTest"/>
</testsuite> <!-- Free CRM App Test Cases -->
